2024-03-21T16:31:27.045+06:00  INFO 8668 --- [main] com.example.demo.DemoApplication         : Starting DemoApplication using Java 21 with PID 8668 (C:\Users\NOTEBURG\Desktop\demo\target\classes started by NOTEBURG in C:\Users\NOTEBURG\Desktop\demo)
2024-03-21T16:31:27.112+06:00  INFO 8668 --- [main] com.example.demo.DemoApplication         : No active profile set, falling back to 1 default profile: "default"
2024-03-21T16:31:31.852+06:00  INFO 8668 --- [main] o.s.b.w.embedded.tomcat.TomcatWebServer  : Tomcat initialized with port 8089 (http)
2024-03-21T16:31:31.881+06:00  INFO 8668 --- [main] o.apache.catalina.core.StandardService   : Starting service [Tomcat]
2024-03-21T16:31:31.882+06:00  INFO 8668 --- [main] o.apache.catalina.core.StandardEngine    : Starting Servlet engine: [Apache Tomcat/10.1.19]
2024-03-21T16:31:32.014+06:00  INFO 8668 --- [main] o.a.c.c.C.[Tomcat].[localhost].[/]       : Initializing Spring embedded WebApplicationContext
2024-03-21T16:31:32.015+06:00  INFO 8668 --- [main] w.s.c.ServletWebServerApplicationContext : Root WebApplicationContext: initialization completed in 4601 ms
2024-03-21T16:31:32.412+06:00  INFO 8668 --- [main] com.zaxxer.hikari.HikariDataSource       : HikariPool-1 - Starting...
2024-03-21T16:31:38.070+06:00  INFO 8668 --- [main] com.zaxxer.hikari.pool.HikariPool        : HikariPool-1 - Added connection conn1: url=jdbc:h2:./db/demo user=ROOT
2024-03-21T16:31:38.074+06:00  INFO 8668 --- [main] com.zaxxer.hikari.HikariDataSource       : HikariPool-1 - Start completed.
2024-03-21T16:31:38.281+06:00  INFO 8668 --- [main] liquibase.database                       : Set default schema name to PUBLIC
2024-03-21T16:31:39.086+06:00  INFO 8668 --- [main] liquibase.changelog                      : Reading resource: db/changelog/initial/001_create_user_table.yaml
2024-03-21T16:31:39.131+06:00  INFO 8668 --- [main] liquibase.changelog                      : Reading resource: db/changelog/initial/002_create_categories_table.yaml
2024-03-21T16:31:39.146+06:00  INFO 8668 --- [main] liquibase.changelog                      : Reading resource: db/changelog/initial/003_create_resumes_table.yaml
2024-03-21T16:31:39.161+06:00  INFO 8668 --- [main] liquibase.changelog                      : Reading resource: db/changelog/initial/004_create_vacancies_table.yaml
2024-03-21T16:31:39.180+06:00  INFO 8668 --- [main] liquibase.changelog                      : Reading resource: db/changelog/initial/005_create_contact_types_table.yaml
2024-03-21T16:31:39.189+06:00  INFO 8668 --- [main] liquibase.changelog                      : Reading resource: db/changelog/initial/006_create_contacts_info_tables.yaml
2024-03-21T16:31:39.199+06:00  INFO 8668 --- [main] liquibase.changelog                      : Reading resource: db/changelog/initial/007_create_messages_table.yaml
2024-03-21T16:31:39.208+06:00  INFO 8668 --- [main] liquibase.changelog                      : Reading resource: db/changelog/initial/008_create_responded_applicants_table.yaml
2024-03-21T16:31:39.216+06:00  INFO 8668 --- [main] liquibase.changelog                      : Reading resource: db/changelog/initial/009_create_education_info_table.yaml
2024-03-21T16:31:39.228+06:00  INFO 8668 --- [main] liquibase.changelog                      : Reading resource: db/changelog/initial/010_create_work_experience_info_table.yaml
2024-03-21T16:31:39.238+06:00  INFO 8668 --- [main] liquibase.changelog                      : Reading resource: db/changelog/initial/011_create_foreign_keys.yaml
2024-03-21T16:31:39.256+06:00  INFO 8668 --- [main] liquibase.changelog                      : Reading resource: db/changelog/initial/012_insert_data.sql
2024-03-21T16:31:39.634+06:00  INFO 8668 --- [main] liquibase.changelog                      : Reading from PUBLIC.DATABASECHANGELOG
2024-03-21T16:31:39.810+06:00  INFO 8668 --- [main] liquibase.ui                             : Database is up to date, no changesets to execute
2024-03-21T16:31:39.814+06:00  INFO 8668 --- [main] liquibase.changelog                      : Reading from PUBLIC.DATABASECHANGELOG
2024-03-21T16:31:39.835+06:00  INFO 8668 --- [main] liquibase.util                           : UPDATE SUMMARY
2024-03-21T16:31:39.836+06:00  INFO 8668 --- [main] liquibase.util                           : Run:                          0
2024-03-21T16:31:39.836+06:00  INFO 8668 --- [main] liquibase.util                           : Previously run:              12
2024-03-21T16:31:39.836+06:00  INFO 8668 --- [main] liquibase.util                           : Filtered out:                 0
2024-03-21T16:31:39.836+06:00  INFO 8668 --- [main] liquibase.util                           : -------------------------------
2024-03-21T16:31:39.836+06:00  INFO 8668 --- [main] liquibase.util                           : Total change sets:           12
2024-03-21T16:31:39.840+06:00  INFO 8668 --- [main] liquibase.util                           : Update summary generated
2024-03-21T16:31:39.936+06:00  INFO 8668 --- [main] liquibase.lockservice                    : Successfully released change log lock
2024-03-21T16:31:39.938+06:00  INFO 8668 --- [main] liquibase.command                        : Command execution complete
2024-03-21T16:31:41.596+06:00  INFO 8668 --- [main] o.s.b.w.embedded.tomcat.TomcatWebServer  : Tomcat started on port 8089 (http) with context path ''
2024-03-21T16:31:41.616+06:00  INFO 8668 --- [main] com.example.demo.DemoApplication         : Started DemoApplication in 16.774 seconds (process running for 21.252)
2024-03-21T16:32:04.209+06:00  INFO 8668 --- [http-nio-8089-exec-1] o.a.c.c.C.[Tomcat].[localhost].[/]       : Initializing Spring DispatcherServlet 'dispatcherServlet'
2024-03-21T16:32:04.211+06:00  INFO 8668 --- [http-nio-8089-exec-1] o.s.web.servlet.DispatcherServlet        : Initializing Servlet 'dispatcherServlet'
2024-03-21T16:32:04.223+06:00  INFO 8668 --- [http-nio-8089-exec-1] o.s.web.servlet.DispatcherServlet        : Completed initialization in 9 ms
2024-03-21T16:32:28.184+06:00  INFO 8668 --- [http-nio-8089-exec-5] o.springdoc.api.AbstractOpenApiResource  : Init duration for springdoc-openapi is: 7724 ms
2024-03-21T16:37:18.651+06:00  INFO 8668 --- [SpringApplicationShutdownHook] com.zaxxer.hikari.HikariDataSource       : HikariPool-1 - Shutdown initiated...
2024-03-21T16:37:18.680+06:00  INFO 8668 --- [SpringApplicationShutdownHook] com.zaxxer.hikari.HikariDataSource       : HikariPool-1 - Shutdown completed.
2024-03-21T16:37:57.122+06:00  INFO 7960 --- [main] com.example.demo.DemoApplication         : Starting DemoApplication using Java 21 with PID 7960 (C:\Users\NOTEBURG\Desktop\demo\target\classes started by NOTEBURG in C:\Users\NOTEBURG\Desktop\demo)
2024-03-21T16:37:57.135+06:00  INFO 7960 --- [main] com.example.demo.DemoApplication         : No active profile set, falling back to 1 default profile: "default"
2024-03-21T16:38:05.379+06:00  INFO 7960 --- [main] o.s.b.w.embedded.tomcat.TomcatWebServer  : Tomcat initialized with port 8089 (http)
2024-03-21T16:38:05.430+06:00  INFO 7960 --- [main] o.apache.catalina.core.StandardService   : Starting service [Tomcat]
2024-03-21T16:38:05.431+06:00  INFO 7960 --- [main] o.apache.catalina.core.StandardEngine    : Starting Servlet engine: [Apache Tomcat/10.1.19]
2024-03-21T16:38:05.669+06:00  INFO 7960 --- [main] o.a.c.c.C.[Tomcat].[localhost].[/]       : Initializing Spring embedded WebApplicationContext
2024-03-21T16:38:05.671+06:00  INFO 7960 --- [main] w.s.c.ServletWebServerApplicationContext : Root WebApplicationContext: initialization completed in 8243 ms
2024-03-21T16:38:10.254+06:00  INFO 7960 --- [main] com.zaxxer.hikari.HikariDataSource       : HikariPool-1 - Starting...
2024-03-21T16:38:17.543+06:00  INFO 7960 --- [main] com.zaxxer.hikari.pool.HikariPool        : HikariPool-1 - Added connection conn1: url=jdbc:h2:./db/demo user=ROOT
2024-03-21T16:38:17.566+06:00  INFO 7960 --- [main] com.zaxxer.hikari.HikariDataSource       : HikariPool-1 - Start completed.
2024-03-21T16:38:17.884+06:00  INFO 7960 --- [main] liquibase.database                       : Set default schema name to PUBLIC
2024-03-21T16:38:20.151+06:00  INFO 7960 --- [main] liquibase.changelog                      : Reading resource: db/changelog/initial/001_create_user_table.yaml
2024-03-21T16:38:20.231+06:00  INFO 7960 --- [main] liquibase.changelog                      : Reading resource: db/changelog/initial/002_create_categories_table.yaml
2024-03-21T16:38:20.245+06:00  INFO 7960 --- [main] liquibase.changelog                      : Reading resource: db/changelog/initial/003_create_resumes_table.yaml
2024-03-21T16:38:20.267+06:00  INFO 7960 --- [main] liquibase.changelog                      : Reading resource: db/changelog/initial/004_create_vacancies_table.yaml
2024-03-21T16:38:20.307+06:00  INFO 7960 --- [main] liquibase.changelog                      : Reading resource: db/changelog/initial/005_create_contact_types_table.yaml
2024-03-21T16:38:20.323+06:00  INFO 7960 --- [main] liquibase.changelog                      : Reading resource: db/changelog/initial/006_create_contacts_info_tables.yaml
2024-03-21T16:38:20.335+06:00  INFO 7960 --- [main] liquibase.changelog                      : Reading resource: db/changelog/initial/007_create_messages_table.yaml
2024-03-21T16:38:20.347+06:00  INFO 7960 --- [main] liquibase.changelog                      : Reading resource: db/changelog/initial/008_create_responded_applicants_table.yaml
2024-03-21T16:38:20.363+06:00  INFO 7960 --- [main] liquibase.changelog                      : Reading resource: db/changelog/initial/009_create_education_info_table.yaml
2024-03-21T16:38:20.387+06:00  INFO 7960 --- [main] liquibase.changelog                      : Reading resource: db/changelog/initial/010_create_work_experience_info_table.yaml
2024-03-21T16:38:20.403+06:00  INFO 7960 --- [main] liquibase.changelog                      : Reading resource: db/changelog/initial/011_create_foreign_keys.yaml
2024-03-21T16:38:20.421+06:00  INFO 7960 --- [main] liquibase.changelog                      : Reading resource: db/changelog/initial/012_insert_data.sql
2024-03-21T16:38:26.928+06:00  INFO 7960 --- [main] liquibase.changelog                      : Reading from PUBLIC.DATABASECHANGELOG
2024-03-21T16:38:28.052+06:00  INFO 7960 --- [main] liquibase.ui                             : Database is up to date, no changesets to execute
2024-03-21T16:38:28.068+06:00  INFO 7960 --- [main] liquibase.changelog                      : Reading from PUBLIC.DATABASECHANGELOG
2024-03-21T16:38:28.193+06:00  INFO 7960 --- [main] liquibase.util                           : UPDATE SUMMARY
2024-03-21T16:38:28.194+06:00  INFO 7960 --- [main] liquibase.util                           : Run:                          0
2024-03-21T16:38:28.195+06:00  INFO 7960 --- [main] liquibase.util                           : Previously run:              12
2024-03-21T16:38:28.195+06:00  INFO 7960 --- [main] liquibase.util                           : Filtered out:                 0
2024-03-21T16:38:28.196+06:00  INFO 7960 --- [main] liquibase.util                           : -------------------------------
2024-03-21T16:38:28.196+06:00  INFO 7960 --- [main] liquibase.util                           : Total change sets:           12
2024-03-21T16:38:28.212+06:00  INFO 7960 --- [main] liquibase.util                           : Update summary generated
2024-03-21T16:38:28.638+06:00  INFO 7960 --- [main] liquibase.lockservice                    : Successfully released change log lock
2024-03-21T16:38:28.665+06:00  INFO 7960 --- [main] liquibase.command                        : Command execution complete
2024-03-21T16:38:33.072+06:00  INFO 7960 --- [main] o.s.b.w.embedded.tomcat.TomcatWebServer  : Tomcat started on port 8089 (http) with context path ''
2024-03-21T16:38:33.112+06:00  INFO 7960 --- [main] com.example.demo.DemoApplication         : Started DemoApplication in 38.561 seconds (process running for 44.91)
2024-03-21T16:38:40.437+06:00  INFO 7960 --- [http-nio-8089-exec-1] o.a.c.c.C.[Tomcat].[localhost].[/]       : Initializing Spring DispatcherServlet 'dispatcherServlet'
2024-03-21T16:38:40.438+06:00  INFO 7960 --- [http-nio-8089-exec-1] o.s.web.servlet.DispatcherServlet        : Initializing Servlet 'dispatcherServlet'
2024-03-21T16:38:40.448+06:00  INFO 7960 --- [http-nio-8089-exec-1] o.s.web.servlet.DispatcherServlet        : Completed initialization in 8 ms
2024-03-21T16:40:51.876+06:00  WARN 7960 --- [HikariPool-1 housekeeper] com.zaxxer.hikari.pool.HikariPool        : HikariPool-1 - Thread starvation or clock leap detected (housekeeper delta=1m57s119ms31µs400ns).
2024-03-21T16:42:12.265+06:00  WARN 7960 --- [HikariPool-1 housekeeper] com.zaxxer.hikari.pool.HikariPool        : HikariPool-1 - Thread starvation or clock leap detected (housekeeper delta=1m20s390ms781µs500ns).
2024-03-21T16:42:20.003+06:00  INFO 7960 --- [SpringApplicationShutdownHook] com.zaxxer.hikari.HikariDataSource       : HikariPool-1 - Shutdown initiated...
2024-03-21T16:42:20.040+06:00  INFO 7960 --- [SpringApplicationShutdownHook] com.zaxxer.hikari.HikariDataSource       : HikariPool-1 - Shutdown completed.
2024-03-21T16:42:56.687+06:00  INFO 3040 --- [main] com.example.demo.DemoApplication         : Starting DemoApplication using Java 21 with PID 3040 (C:\Users\NOTEBURG\Desktop\demo\target\classes started by NOTEBURG in C:\Users\NOTEBURG\Desktop\demo)
2024-03-21T16:42:56.695+06:00  INFO 3040 --- [main] com.example.demo.DemoApplication         : No active profile set, falling back to 1 default profile: "default"
2024-03-21T16:43:01.498+06:00  INFO 3040 --- [main] o.s.b.w.embedded.tomcat.TomcatWebServer  : Tomcat initialized with port 8089 (http)
2024-03-21T16:43:01.530+06:00  INFO 3040 --- [main] o.apache.catalina.core.StandardService   : Starting service [Tomcat]
2024-03-21T16:43:01.531+06:00  INFO 3040 --- [main] o.apache.catalina.core.StandardEngine    : Starting Servlet engine: [Apache Tomcat/10.1.19]
2024-03-21T16:43:01.661+06:00  INFO 3040 --- [main] o.a.c.c.C.[Tomcat].[localhost].[/]       : Initializing Spring embedded WebApplicationContext
2024-03-21T16:43:01.663+06:00  INFO 3040 --- [main] w.s.c.ServletWebServerApplicationContext : Root WebApplicationContext: initialization completed in 4712 ms
2024-03-21T16:43:02.488+06:00  INFO 3040 --- [main] com.zaxxer.hikari.HikariDataSource       : HikariPool-1 - Starting...
2024-03-21T16:43:08.620+06:00  INFO 3040 --- [main] com.zaxxer.hikari.pool.HikariPool        : HikariPool-1 - Added connection conn1: url=jdbc:h2:./db/demo user=ROOT
2024-03-21T16:43:08.624+06:00  INFO 3040 --- [main] com.zaxxer.hikari.HikariDataSource       : HikariPool-1 - Start completed.
2024-03-21T16:43:08.817+06:00  INFO 3040 --- [main] liquibase.database                       : Set default schema name to PUBLIC
2024-03-21T16:43:09.562+06:00  INFO 3040 --- [main] liquibase.changelog                      : Reading resource: db/changelog/initial/001_create_user_table.yaml
2024-03-21T16:43:09.596+06:00  INFO 3040 --- [main] liquibase.changelog                      : Reading resource: db/changelog/initial/002_create_categories_table.yaml
2024-03-21T16:43:09.605+06:00  INFO 3040 --- [main] liquibase.changelog                      : Reading resource: db/changelog/initial/003_create_resumes_table.yaml
2024-03-21T16:43:09.618+06:00  INFO 3040 --- [main] liquibase.changelog                      : Reading resource: db/changelog/initial/004_create_vacancies_table.yaml
2024-03-21T16:43:09.634+06:00  INFO 3040 --- [main] liquibase.changelog                      : Reading resource: db/changelog/initial/005_create_contact_types_table.yaml
2024-03-21T16:43:09.643+06:00  INFO 3040 --- [main] liquibase.changelog                      : Reading resource: db/changelog/initial/006_create_contacts_info_tables.yaml
2024-03-21T16:43:09.652+06:00  INFO 3040 --- [main] liquibase.changelog                      : Reading resource: db/changelog/initial/007_create_messages_table.yaml
2024-03-21T16:43:09.661+06:00  INFO 3040 --- [main] liquibase.changelog                      : Reading resource: db/changelog/initial/008_create_responded_applicants_table.yaml
2024-03-21T16:43:09.669+06:00  INFO 3040 --- [main] liquibase.changelog                      : Reading resource: db/changelog/initial/009_create_education_info_table.yaml
2024-03-21T16:43:09.682+06:00  INFO 3040 --- [main] liquibase.changelog                      : Reading resource: db/changelog/initial/010_create_work_experience_info_table.yaml
2024-03-21T16:43:09.693+06:00  INFO 3040 --- [main] liquibase.changelog                      : Reading resource: db/changelog/initial/011_create_foreign_keys.yaml
2024-03-21T16:43:09.713+06:00  INFO 3040 --- [main] liquibase.changelog                      : Reading resource: db/changelog/initial/012_insert_data.sql
2024-03-21T16:43:10.076+06:00  INFO 3040 --- [main] liquibase.changelog                      : Reading from PUBLIC.DATABASECHANGELOG
2024-03-21T16:43:10.258+06:00  INFO 3040 --- [main] liquibase.ui                             : Database is up to date, no changesets to execute
2024-03-21T16:43:10.263+06:00  INFO 3040 --- [main] liquibase.changelog                      : Reading from PUBLIC.DATABASECHANGELOG
2024-03-21T16:43:10.287+06:00  INFO 3040 --- [main] liquibase.util                           : UPDATE SUMMARY
2024-03-21T16:43:10.288+06:00  INFO 3040 --- [main] liquibase.util                           : Run:                          0
2024-03-21T16:43:10.288+06:00  INFO 3040 --- [main] liquibase.util                           : Previously run:              12
2024-03-21T16:43:10.288+06:00  INFO 3040 --- [main] liquibase.util                           : Filtered out:                 0
2024-03-21T16:43:10.289+06:00  INFO 3040 --- [main] liquibase.util                           : -------------------------------
2024-03-21T16:43:10.289+06:00  INFO 3040 --- [main] liquibase.util                           : Total change sets:           12
2024-03-21T16:43:10.293+06:00  INFO 3040 --- [main] liquibase.util                           : Update summary generated
2024-03-21T16:43:10.367+06:00  INFO 3040 --- [main] liquibase.lockservice                    : Successfully released change log lock
2024-03-21T16:43:10.369+06:00  INFO 3040 --- [main] liquibase.command                        : Command execution complete
2024-03-21T16:43:11.794+06:00  INFO 3040 --- [main] o.s.b.w.embedded.tomcat.TomcatWebServer  : Tomcat started on port 8089 (http) with context path ''
2024-03-21T16:43:11.815+06:00  INFO 3040 --- [main] com.example.demo.DemoApplication         : Started DemoApplication in 17.528 seconds (process running for 21.565)
2024-03-21T16:43:20.595+06:00  INFO 3040 --- [http-nio-8089-exec-1] o.a.c.c.C.[Tomcat].[localhost].[/]       : Initializing Spring DispatcherServlet 'dispatcherServlet'
2024-03-21T16:43:20.596+06:00  INFO 3040 --- [http-nio-8089-exec-1] o.s.web.servlet.DispatcherServlet        : Initializing Servlet 'dispatcherServlet'
2024-03-21T16:43:20.603+06:00  INFO 3040 --- [http-nio-8089-exec-1] o.s.web.servlet.DispatcherServlet        : Completed initialization in 6 ms
2024-03-21T16:45:06.386+06:00  INFO 3040 --- [SpringApplicationShutdownHook] com.zaxxer.hikari.HikariDataSource       : HikariPool-1 - Shutdown initiated...
2024-03-21T16:45:07.597+06:00  INFO 3040 --- [SpringApplicationShutdownHook] com.zaxxer.hikari.HikariDataSource       : HikariPool-1 - Shutdown completed.
2024-03-21T16:46:46.521+06:00  INFO 1320 --- [main] com.example.demo.DemoApplication         : Starting DemoApplication using Java 21 with PID 1320 (C:\Users\NOTEBURG\Desktop\demo\target\classes started by NOTEBURG in C:\Users\NOTEBURG\Desktop\demo)
2024-03-21T16:46:46.530+06:00  INFO 1320 --- [main] com.example.demo.DemoApplication         : No active profile set, falling back to 1 default profile: "default"
2024-03-21T16:46:52.148+06:00  INFO 1320 --- [main] o.s.b.w.embedded.tomcat.TomcatWebServer  : Tomcat initialized with port 8089 (http)
2024-03-21T16:46:52.208+06:00  INFO 1320 --- [main] o.apache.catalina.core.StandardService   : Starting service [Tomcat]
2024-03-21T16:46:52.208+06:00  INFO 1320 --- [main] o.apache.catalina.core.StandardEngine    : Starting Servlet engine: [Apache Tomcat/10.1.19]
2024-03-21T16:46:52.322+06:00  INFO 1320 --- [main] o.a.c.c.C.[Tomcat].[localhost].[/]       : Initializing Spring embedded WebApplicationContext
2024-03-21T16:46:52.323+06:00  INFO 1320 --- [main] w.s.c.ServletWebServerApplicationContext : Root WebApplicationContext: initialization completed in 5582 ms
2024-03-21T16:46:52.697+06:00  INFO 1320 --- [main] com.zaxxer.hikari.HikariDataSource       : HikariPool-1 - Starting...
2024-03-21T16:46:58.331+06:00  INFO 1320 --- [main] com.zaxxer.hikari.pool.HikariPool        : HikariPool-1 - Added connection conn1: url=jdbc:h2:./db/demo user=ROOT
2024-03-21T16:46:58.335+06:00  INFO 1320 --- [main] com.zaxxer.hikari.HikariDataSource       : HikariPool-1 - Start completed.
2024-03-21T16:46:58.454+06:00  INFO 1320 --- [main] liquibase.database                       : Set default schema name to PUBLIC
2024-03-21T16:46:59.160+06:00  INFO 1320 --- [main] liquibase.changelog                      : Reading resource: db/changelog/initial/001_create_user_table.yaml
2024-03-21T16:46:59.192+06:00  INFO 1320 --- [main] liquibase.changelog                      : Reading resource: db/changelog/initial/002_create_categories_table.yaml
2024-03-21T16:46:59.201+06:00  INFO 1320 --- [main] liquibase.changelog                      : Reading resource: db/changelog/initial/003_create_resumes_table.yaml
2024-03-21T16:46:59.216+06:00  INFO 1320 --- [main] liquibase.changelog                      : Reading resource: db/changelog/initial/004_create_vacancies_table.yaml
2024-03-21T16:46:59.232+06:00  INFO 1320 --- [main] liquibase.changelog                      : Reading resource: db/changelog/initial/005_create_contact_types_table.yaml
2024-03-21T16:46:59.242+06:00  INFO 1320 --- [main] liquibase.changelog                      : Reading resource: db/changelog/initial/006_create_contacts_info_tables.yaml
2024-03-21T16:46:59.259+06:00  INFO 1320 --- [main] liquibase.changelog                      : Reading resource: db/changelog/initial/007_create_messages_table.yaml
2024-03-21T16:46:59.271+06:00  INFO 1320 --- [main] liquibase.changelog                      : Reading resource: db/changelog/initial/008_create_responded_applicants_table.yaml
2024-03-21T16:46:59.283+06:00  INFO 1320 --- [main] liquibase.changelog                      : Reading resource: db/changelog/initial/009_create_education_info_table.yaml
2024-03-21T16:46:59.299+06:00  INFO 1320 --- [main] liquibase.changelog                      : Reading resource: db/changelog/initial/010_create_work_experience_info_table.yaml
2024-03-21T16:46:59.316+06:00  INFO 1320 --- [main] liquibase.changelog                      : Reading resource: db/changelog/initial/011_create_foreign_keys.yaml
2024-03-21T16:46:59.345+06:00  INFO 1320 --- [main] liquibase.changelog                      : Reading resource: db/changelog/initial/012_insert_data.sql
2024-03-21T16:46:59.700+06:00  INFO 1320 --- [main] liquibase.changelog                      : Reading from PUBLIC.DATABASECHANGELOG
2024-03-21T16:46:59.887+06:00  INFO 1320 --- [main] liquibase.ui                             : Database is up to date, no changesets to execute
2024-03-21T16:46:59.891+06:00  INFO 1320 --- [main] liquibase.changelog                      : Reading from PUBLIC.DATABASECHANGELOG
2024-03-21T16:46:59.919+06:00  INFO 1320 --- [main] liquibase.util                           : UPDATE SUMMARY
2024-03-21T16:46:59.920+06:00  INFO 1320 --- [main] liquibase.util                           : Run:                          0
2024-03-21T16:46:59.920+06:00  INFO 1320 --- [main] liquibase.util                           : Previously run:              12
2024-03-21T16:46:59.920+06:00  INFO 1320 --- [main] liquibase.util                           : Filtered out:                 0
2024-03-21T16:46:59.920+06:00  INFO 1320 --- [main] liquibase.util                           : -------------------------------
2024-03-21T16:46:59.921+06:00  INFO 1320 --- [main] liquibase.util                           : Total change sets:           12
2024-03-21T16:46:59.925+06:00  INFO 1320 --- [main] liquibase.util                           : Update summary generated
2024-03-21T16:47:00.039+06:00  INFO 1320 --- [main] liquibase.lockservice                    : Successfully released change log lock
2024-03-21T16:47:00.044+06:00  INFO 1320 --- [main] liquibase.command                        : Command execution complete
2024-03-21T16:47:01.576+06:00  INFO 1320 --- [main] o.s.b.w.embedded.tomcat.TomcatWebServer  : Tomcat started on port 8089 (http) with context path ''
2024-03-21T16:47:01.596+06:00  INFO 1320 --- [main] com.example.demo.DemoApplication         : Started DemoApplication in 17.133 seconds (process running for 22.603)
2024-03-21T16:47:14.378+06:00  INFO 1320 --- [http-nio-8089-exec-1] o.a.c.c.C.[Tomcat].[localhost].[/]       : Initializing Spring DispatcherServlet 'dispatcherServlet'
2024-03-21T16:47:14.379+06:00  INFO 1320 --- [http-nio-8089-exec-1] o.s.web.servlet.DispatcherServlet        : Initializing Servlet 'dispatcherServlet'
2024-03-21T16:47:14.385+06:00  INFO 1320 --- [http-nio-8089-exec-1] o.s.web.servlet.DispatcherServlet        : Completed initialization in 5 ms
